{
  "RSpec": {
    "coverage": {
      "/Users/andrewaccuardi/Desktop/Code/epicodus/Ruby/BMP/spec/features/new_user_path_spec.rb": [
        1,
        null,
        1,
        null,
        1,
        1,
        1,
        1,
        1,
        1,
        1,
        1,
        1,
        1,
        null,
        null,
        null,
        null,
        null
      ],
      "/Users/andrewaccuardi/Desktop/Code/epicodus/Ruby/BMP/spec/rails_helper.rb": [
        null,
        1,
        1,
        null,
        1,
        1,
        1,
        1,
        1,
        null,
        null,
        null,
        null,
        null,
        null,
        null,
        null,
        null,
        null,
        null,
        null,
        null,
        null,
        null,
        null,
        null,
        null,
        null,
        null,
        1,
        null,
        1,
        null,
        1,
        null,
        null,
        null,
        null,
        1,
        null,
        null,
        null,
        null,
        null,
        null,
        null,
        null,
        null,
        null,
        null,
        null,
        null,
        null,
        1,
        null,
        null,
        1,
        null,
        null,
        null,
        null,
        1,
        1,
        1,
        1,
        null,
        null,
        null,
        1,
        1,
        1,
        1,
        2,
        2,
        null
      ],
      "/Users/andrewaccuardi/Desktop/Code/epicodus/Ruby/BMP/config/environment.rb": [
        null,
        1,
        null,
        null,
        1
      ],
      "/Users/andrewaccuardi/Desktop/Code/epicodus/Ruby/BMP/config/application.rb": [
        1,
        null,
        1,
        null,
        1,
        1,
        1,
        1,
        1,
        1,
        1,
        1,
        null,
        null,
        null,
        null,
        1,
        null,
        1,
        1,
        null,
        null,
        null,
        null,
        null
      ],
      "/Users/andrewaccuardi/Desktop/Code/epicodus/Ruby/BMP/config/boot.rb": [
        1,
        null,
        1
      ],
      "/Users/andrewaccuardi/Desktop/Code/epicodus/Ruby/BMP/config/spring.rb": [
        null,
        null,
        null,
        null,
        null,
        5
      ],
      "/Users/andrewaccuardi/Desktop/Code/epicodus/Ruby/BMP/config/environments/test.rb": [
        1,
        null,
        null,
        null,
        null,
        null,
        null,
        1,
        null,
        null,
        null,
        null,
        1,
        null,
        null,
        1,
        1,
        null,
        null,
        null,
        null,
        1,
        1,
        null,
        null,
        1,
        null,
        null,
        1,
        1,
        null,
        null,
        null,
        null,
        1,
        null,
        null,
        1,
        null,
        null,
        null,
        null
      ],
      "/Users/andrewaccuardi/Desktop/Code/epicodus/Ruby/BMP/config/initializers/application_controller_renderer.rb": [
        null,
        null,
        null,
        null,
        null,
        null
      ],
      "/Users/andrewaccuardi/Desktop/Code/epicodus/Ruby/BMP/config/initializers/assets.rb": [
        null,
        null,
        null,
        1,
        null,
        null,
        null,
        null,
        null,
        null,
        null
      ],
      "/Users/andrewaccuardi/Desktop/Code/epicodus/Ruby/BMP/config/initializers/backtrace_silencers.rb": [
        null,
        null,
        null,
        null,
        null,
        null,
        null
      ],
      "/Users/andrewaccuardi/Desktop/Code/epicodus/Ruby/BMP/config/initializers/cookies_serializer.rb": [
        null,
        null,
        null,
        null,
        1
      ],
      "/Users/andrewaccuardi/Desktop/Code/epicodus/Ruby/BMP/config/initializers/devise.rb": [
        null,
        null,
        1,
        null,
        null,
        null,
        null,
        null,
        null,
        null,
        null,
        null,
        null,
        null,
        1,
        null,
        null,
        null,
        null,
        null,
        null,
        null,
        null,
        null,
        null,
        null,
        1,
        null,
        null,
        null,
        null,
        null,
        null,
        null,
        null,
        null,
        null,
        null,
        null,
        null,
        null,
        null,
        null,
        null,
        null,
        null,
        null,
        null,
        1,
        null,
        null,
        null,
        null,
        1,
        null,
        null,
        null,
        null,
        null,
        null,
        null,
        null,
        null,
        null,
        null,
        null,
        null,
        null,
        null,
        null,
        null,
        null,
        null,
        null,
        null,
        null,
        null,
        null,
        null,
        null,
        null,
        null,
        null,
        null,
        1,
        null,
        null,
        null,
        null,
        null,
        null,
        null,
        null,
        null,
        null,
        null,
        null,
        null,
        null,
        null,
        null,
        null,
        null,
        null,
        null,
        null,
        null,
        1,
        null,
        null,
        null,
        null,
        null,
        null,
        null,
        null,
        null,
        null,
        null,
        null,
        null,
        null,
        null,
        null,
        null,
        null,
        null,
        null,
        null,
        null,
        null,
        null,
        null,
        null,
        null,
        1,
        null,
        null,
        null,
        null,
        null,
        null,
        null,
        null,
        null,
        1,
        null,
        null,
        null,
        null,
        null,
        null,
        null,
        null,
        null,
        null,
        1,
        null,
        null,
        null,
        null,
        1,
        null,
        null,
        null,
        null,
        null,
        null,
        null,
        null,
        null,
        null,
        null,
        null,
        null,
        null,
        null,
        null,
        null,
        null,
        null,
        null,
        null,
        null,
        null,
        null,
        null,
        null,
        null,
        null,
        null,
        null,
        null,
        null,
        null,
        null,
        null,
        null,
        null,
        null,
        null,
        null,
        1,
        null,
        null,
        null,
        null,
        null,
        null,
        null,
        null,
        null,
        null,
        null,
        null,
        null,
        null,
        null,
        null,
        null,
        null,
        null,
        null,
        null,
        null,
        null,
        null,
        null,
        null,
        null,
        null,
        null,
        null,
        null,
        null,
        null,
        null,
        null,
        null,
        null,
        null,
        null,
        null,
        null,
        1,
        null,
        null,
        null,
        null,
        null,
        null,
        null,
        null,
        null,
        null,
        null,
        null,
        null,
        null,
        null,
        null,
        null,
        null,
        null,
        null,
        null,
        null,
        null,
        null,
        null,
        null,
        null,
        null,
        null
      ],
      "/Users/andrewaccuardi/Desktop/Code/epicodus/Ruby/BMP/config/initializers/filter_parameter_logging.rb": [
        null,
        null,
        null,
        1
      ],
      "/Users/andrewaccuardi/Desktop/Code/epicodus/Ruby/BMP/config/initializers/inflections.rb": [
        null,
        null,
        null,
        null,
        null,
        null,
        null,
        null,
        null,
        null,
        null,
        null,
        null,
        null,
        null,
        null
      ],
      "/Users/andrewaccuardi/Desktop/Code/epicodus/Ruby/BMP/config/initializers/mime_types.rb": [
        null,
        null,
        null,
        null
      ],
      "/Users/andrewaccuardi/Desktop/Code/epicodus/Ruby/BMP/config/initializers/new_framework_defaults.rb": [
        null,
        null,
        null,
        null,
        null,
        null,
        null,
        1,
        null,
        null,
        1,
        null,
        null,
        null,
        1,
        null,
        null,
        1,
        null,
        null,
        1,
        null,
        null,
        1
      ],
      "/Users/andrewaccuardi/Desktop/Code/epicodus/Ruby/BMP/config/initializers/session_store.rb": [
        null,
        null,
        1
      ],
      "/Users/andrewaccuardi/Desktop/Code/epicodus/Ruby/BMP/config/initializers/wrap_parameters.rb": [
        null,
        null,
        null,
        null,
        null,
        null,
        1,
        2,
        null,
        null,
        null,
        null,
        null,
        null
      ],
      "/Users/andrewaccuardi/Desktop/Code/epicodus/Ruby/BMP/config/routes.rb": [
        1,
        1,
        1,
        null,
        null,
        1,
        1,
        1,
        1,
        null,
        null
      ],
      "/Users/andrewaccuardi/Desktop/Code/epicodus/Ruby/BMP/app/models/user.rb": [
        1,
        null,
        null,
        1,
        null,
        null,
        1,
        1,
        null,
        1,
        1,
        null
      ],
      "/Users/andrewaccuardi/Desktop/Code/epicodus/Ruby/BMP/app/models/application_record.rb": [
        1,
        1,
        null
      ],
      "/Users/andrewaccuardi/Desktop/Code/epicodus/Ruby/BMP/app/controllers/application_controller.rb": [
        1,
        1,
        1,
        null,
        1,
        null,
        1,
        2,
        2,
        null,
        null
      ],
      "/Users/andrewaccuardi/Desktop/Code/epicodus/Ruby/BMP/app/helpers/application_helper.rb": [
        1,
        null
      ],
      "/Users/andrewaccuardi/Desktop/Code/epicodus/Ruby/BMP/app/channels/application_cable/channel.rb": [
        1,
        1,
        null,
        null
      ],
      "/Users/andrewaccuardi/Desktop/Code/epicodus/Ruby/BMP/app/channels/application_cable/connection.rb": [
        1,
        1,
        null,
        null
      ],
      "/Users/andrewaccuardi/Desktop/Code/epicodus/Ruby/BMP/app/controllers/comments_controller.rb": [
        1,
        null,
        1,
        0,
        0,
        0,
        null,
        null,
        1,
        0,
        0,
        0,
        0,
        0,
        null,
        0,
        0,
        null,
        null,
        null,
        1,
        0,
        0,
        0,
        null,
        null,
        1,
        0,
        0,
        0,
        null,
        null,
        1,
        0,
        0,
        null,
        null,
        1,
        0,
        0,
        0,
        0,
        null,
        0,
        null,
        null,
        null,
        1,
        0,
        0,
        0,
        null,
        null,
        1,
        1,
        0,
        null,
        null
      ],
      "/Users/andrewaccuardi/Desktop/Code/epicodus/Ruby/BMP/app/controllers/mailchimp_controller.rb": [
        1,
        1,
        0,
        0,
        null,
        null
      ],
      "/Users/andrewaccuardi/Desktop/Code/epicodus/Ruby/BMP/app/controllers/products_controller.rb": [
        1,
        null,
        1,
        null,
        null,
        1,
        1,
        null,
        null,
        1,
        1,
        null,
        null,
        1,
        0,
        null,
        null,
        1,
        0,
        0,
        0,
        null,
        0,
        null,
        null,
        null,
        1,
        0,
        null,
        null,
        1,
        0,
        0,
        0,
        null,
        0,
        null,
        null,
        null,
        1,
        0,
        0,
        0,
        null,
        null,
        1,
        1,
        0,
        null,
        null
      ],
      "/Users/andrewaccuardi/Desktop/Code/epicodus/Ruby/BMP/app/controllers/users/confirmations_controller.rb": [
        1,
        null,
        null,
        null,
        null,
        null,
        null,
        null,
        null,
        null,
        null,
        null,
        null,
        null,
        null,
        null,
        null,
        null,
        null,
        null,
        null,
        null,
        null,
        null,
        null,
        null,
        null,
        null
      ],
      "/Users/andrewaccuardi/Desktop/Code/epicodus/Ruby/BMP/app/controllers/users/omniauth_callbacks_controller.rb": [
        1,
        null,
        null,
        null,
        null,
        null,
        null,
        null,
        null,
        null,
        null,
        null,
        null,
        null,
        null,
        null,
        null,
        null,
        null,
        null,
        null,
        null,
        null,
        null,
        null,
        null,
        null,
        null
      ],
      "/Users/andrewaccuardi/Desktop/Code/epicodus/Ruby/BMP/app/controllers/users/passwords_controller.rb": [
        1,
        null,
        null,
        null,
        null,
        null,
        null,
        null,
        null,
        null,
        null,
        null,
        null,
        null,
        null,
        null,
        null,
        null,
        null,
        null,
        null,
        null,
        null,
        null,
        null,
        null,
        null,
        null,
        null,
        null,
        null,
        null
      ],
      "/Users/andrewaccuardi/Desktop/Code/epicodus/Ruby/BMP/app/controllers/users/registrations_controller.rb": [
        1,
        null,
        null,
        null,
        null,
        null,
        null,
        null,
        null,
        null,
        null,
        null,
        null,
        null,
        null,
        null,
        null,
        null,
        null,
        null,
        null,
        null,
        null,
        null,
        null,
        null,
        null,
        null,
        null,
        null,
        null,
        null,
        null,
        null,
        null,
        null,
        null,
        null,
        null,
        null,
        null,
        null,
        null,
        null,
        null,
        null,
        null,
        null,
        null,
        null,
        null,
        null,
        null,
        null,
        null,
        null,
        null,
        null,
        null,
        null
      ],
      "/Users/andrewaccuardi/Desktop/Code/epicodus/Ruby/BMP/app/controllers/users/sessions_controller.rb": [
        1,
        null,
        null,
        null,
        null,
        null,
        null,
        null,
        null,
        null,
        null,
        null,
        null,
        null,
        null,
        null,
        null,
        null,
        null,
        null,
        null,
        null,
        null,
        null,
        null
      ],
      "/Users/andrewaccuardi/Desktop/Code/epicodus/Ruby/BMP/app/controllers/users/unlocks_controller.rb": [
        1,
        null,
        null,
        null,
        null,
        null,
        null,
        null,
        null,
        null,
        null,
        null,
        null,
        null,
        null,
        null,
        null,
        null,
        null,
        null,
        null,
        null,
        null,
        null,
        null,
        null,
        null,
        null
      ],
      "/Users/andrewaccuardi/Desktop/Code/epicodus/Ruby/BMP/app/controllers/users_controller.rb": [
        1,
        null,
        1,
        null,
        null,
        null
      ],
      "/Users/andrewaccuardi/Desktop/Code/epicodus/Ruby/BMP/app/jobs/application_job.rb": [
        1,
        null
      ],
      "/Users/andrewaccuardi/Desktop/Code/epicodus/Ruby/BMP/app/mailers/application_mailer.rb": [
        1,
        1,
        1,
        null
      ],
      "/Users/andrewaccuardi/Desktop/Code/epicodus/Ruby/BMP/app/models/build.rb": [
        1,
        null,
        null
      ],
      "/Users/andrewaccuardi/Desktop/Code/epicodus/Ruby/BMP/app/models/comment.rb": [
        1,
        1,
        1,
        1,
        null
      ],
      "/Users/andrewaccuardi/Desktop/Code/epicodus/Ruby/BMP/app/models/product.rb": [
        1,
        null,
        1,
        1,
        null,
        1,
        1,
        1,
        null
      ],
      "/Users/andrewaccuardi/Desktop/Code/epicodus/Ruby/BMP/app/services/mailchimp.rb": [
        1,
        null,
        1,
        1,
        1,
        1,
        1,
        null,
        null,
        1,
        1,
        1,
        null,
        null,
        null,
        null,
        null,
        null,
        null,
        null,
        null,
        null,
        null,
        1,
        1,
        null,
        null,
        null
      ],
      "/Users/andrewaccuardi/Desktop/Code/epicodus/Ruby/BMP/spec/factories/builds.rb": [
        1,
        1,
        null,
        null,
        null
      ],
      "/Users/andrewaccuardi/Desktop/Code/epicodus/Ruby/BMP/spec/factories/comments.rb": [
        1,
        1,
        null,
        null,
        null
      ],
      "/Users/andrewaccuardi/Desktop/Code/epicodus/Ruby/BMP/spec/factories/products.rb": [
        1,
        1,
        1,
        1,
        1,
        null,
        null
      ],
      "/Users/andrewaccuardi/Desktop/Code/epicodus/Ruby/BMP/spec/factories/user.rb": [
        1,
        1,
        1,
        1,
        1,
        1,
        null,
        null
      ],
      "/Users/andrewaccuardi/Desktop/Code/epicodus/Ruby/BMP/spec/support/factory_girl.rb": [
        1,
        1,
        null
      ],
      "/Users/andrewaccuardi/Desktop/Code/epicodus/Ruby/BMP/spec/features/product_detail_page_path_spec.rb": [
        1,
        null,
        1,
        null,
        1,
        1,
        1,
        1,
        1,
        1,
        null,
        null,
        null,
        null
      ],
      "/Users/andrewaccuardi/Desktop/Code/epicodus/Ruby/BMP/spec/models/build_spec.rb": [
        1
      ],
      "/Users/andrewaccuardi/Desktop/Code/epicodus/Ruby/BMP/spec/models/comment_spec.rb": [
        1,
        null,
        1,
        2,
        2,
        2,
        null
      ],
      "/Users/andrewaccuardi/Desktop/Code/epicodus/Ruby/BMP/spec/models/product_spec.rb": [
        1,
        null,
        1,
        2,
        2,
        2,
        2,
        2,
        null
      ],
      "/Users/andrewaccuardi/Desktop/Code/epicodus/Ruby/BMP/spec/services/mailchimp_spec.rb": [
        1,
        null,
        1,
        1,
        1,
        1,
        null,
        null
      ]
    },
    "timestamp": 1488504306
  }
}
